This is pdfeTeX, Version 3.141592-1.21a-2.2 (Web2C 7.5.4) (format=latex 2007.9.18)  11 MAY 2010 10:28
entering extended mode
**maphoon
(./maphoon.tex
LaTeX2e <2003/12/01>
Babel <v3.8d> and hyphenation patterns for american, french, german, ngerman, b
ahasa, basque, bulgarian, catalan, croatian, czech, danish, dutch, esperanto, e
stonian, finnish, greek, icelandic, irish, italian, latin, magyar, norsk, polis
h, portuges, romanian, russian, serbian, slovak, slovene, spanish, swedish, tur
kish, ukrainian, nohyphenation, loaded.
(/usr/share/texmf-tetex/tex/latex/base/article.cls
Document Class: article 2004/02/16 v1.4f Standard LaTeX document class
(/usr/share/texmf-tetex/tex/latex/base/size10.clo
File: size10.clo 2004/02/16 v1.4f Standard LaTeX file (size option)
)
\c@part=\count79
\c@section=\count80
\c@subsection=\count81
\c@subsubsection=\count82
\c@paragraph=\count83
\c@subparagraph=\count84
\c@figure=\count85
\c@table=\count86
\abovecaptionskip=\skip41
\belowcaptionskip=\skip42
\bibindent=\dimen102
) (./maphoon.aux)
\openout1 = `maphoon.aux'.

LaTeX Font Info:    Checking defaults for OML/cmm/m/it on input line 6.
LaTeX Font Info:    ... okay on input line 6.
LaTeX Font Info:    Checking defaults for T1/cmr/m/n on input line 6.
LaTeX Font Info:    ... okay on input line 6.
LaTeX Font Info:    Checking defaults for OT1/cmr/m/n on input line 6.
LaTeX Font Info:    ... okay on input line 6.
LaTeX Font Info:    Checking defaults for OMS/cmsy/m/n on input line 6.
LaTeX Font Info:    ... okay on input line 6.
LaTeX Font Info:    Checking defaults for OMX/cmex/m/n on input line 6.
LaTeX Font Info:    ... okay on input line 6.
LaTeX Font Info:    Checking defaults for U/cmr/m/n on input line 6.
LaTeX Font Info:    ... okay on input line 6.
LaTeX Font Info:    External font `cmex10' loaded for size
(Font)              <12> on input line 8.
LaTeX Font Info:    External font `cmex10' loaded for size
(Font)              <8> on input line 8.
LaTeX Font Info:    External font `cmex10' loaded for size
(Font)              <6> on input line 8.
LaTeX Font Info:    External font `cmex10' loaded for size
(Font)              <9> on input line 13.
LaTeX Font Info:    External font `cmex10' loaded for size
(Font)              <5> on input line 13.
LaTeX Font Info:    External font `cmex10' loaded for size
(Font)              <7> on input line 28.
 [1

]
[2]
LaTeX Font Info:    Try loading font information for OMS+cmr on input line 183.

 (/usr/share/texmf-tetex/tex/latex/base/omscmr.fd
File: omscmr.fd 1999/05/25 v2.5h Standard LaTeX font definitions
)
LaTeX Font Info:    Font shape `OMS/cmr/m/n' in size <10> not available
(Font)              Font shape `OMS/cmsy/m/n' tried instead on input line 183.
 [3]
Overfull \hbox (10.08328pt too wide) in paragraph at lines 227--230
[]\OT1/cmr/m/n/10 Write the to-k-enizer, based on []\OT1/cmtt/m/n/10 struct tok
en \OT1/cmr/m/n/10 that was pro-duced by Maphoon. 
 []

[4] [5]
Overfull \hbox (1.49698pt too wide) in paragraph at lines 348--348
[]        \OT1/cmtt/m/n/10 // least n elements in field attr. ( attr. size( ) >
= n ).[] 
 []


Overfull \hbox (6.74693pt too wide) in paragraph at lines 357--357
[]   \OT1/cmtt/m/n/10 %constraint FORMULALIST form 0 // A FORMULALIST has an un
bounded[] 
 []

[6]
Overfull \hbox (4.77736pt too wide) in paragraph at lines 402--406
[]\OT1/cmr/m/n/10 If the rule has form []\OT1/cmtt/m/n/10 A : B C D E\OT1/cmr/m
/n/10 , then the to-kens cor-re-spond-ing to []\OT1/cmtt/m/n/10 B,C,D,E
 []


Overfull \hbox (10.01794pt too wide) in paragraph at lines 411--421
\OT1/cmr/m/n/10 The avail-able pa-ram-e-ters are []\OT1/cmtt/m/n/10 LPAR1, E2, 
LPAR3\OT1/cmr/m/n/10 . The ex-pres-sion []\OT1/cmtt/m/n/10 *E2  \OT1/cmr/m/n/10
 refers
 []

[7] [8]
Overfull \hbox (5.4972pt too wide) in paragraph at lines 524--524
 []   \OT1/cmtt/m/n/10 t. val. push_back( memory [ IDENTIFIER1 -> id. front( ) 
]);[] 
 []


Overfull \hbox (1.49698pt too wide) in paragraph at lines 566--566
[]      \OT1/cmtt/m/n/10 std::list< token > :: iterator Tn, // one parameter fo
r each[] 
 []

[9]
Overfull \hbox (25.69304pt too wide) in paragraph at lines 611--616
\OT1/cmr/m/n/10 ex-am-ple of its use is shown in the se-man-tic ac-tion of the 
rule [] \OT1/cmtt/m/n/10 E : IDENTIFIER  \OT1/cmr/m/n/10 above. 
 []


Overfull \hbox (34.94366pt too wide) in paragraph at lines 663--670
\OT1/cmr/m/n/10 When it en-coun-ters an er-ror, the parser first calls method [
]\OT1/cmtt/m/n/10 tokenizer::syntaxerror( )\OT1/cmr/m/n/10 .
 []

[10] [11] [12]
Overfull \hbox (13.04605pt too wide) in paragraph at lines 851--855
\OT1/cmr/m/n/10 threw away more than re-cov-er-length sym-bols. In that case, [
]\OT1/cmtt/m/n/10 read. lookahead
 []

[13] [14] [15] (./maphoon.aux) ) 
Here is how much of TeX's memory you used:
 269 strings out of 94501
 2983 string characters out of 1175794
 52348 words of memory out of 1000000
 3503 multiletter control sequences out of 10000+50000
 9489 words of font info for 34 fonts, out of 500000 for 2000
 580 hyphenation exceptions out of 8191
 23i,6n,19p,140b,315s stack positions out of 1500i,500n,5000p,200000b,5000s

Output written on maphoon.dvi (15 pages, 41080 bytes).
